<?xml version="1.0" encoding="UTF-8"?>
<!-- Generated by org.testng.reporters.JUnitReportReporter -->
<testsuite hostname="pari" name="maven.maven.AppTest" tests="1" failures="0" timestamp="19 May 2020 10:09:50 GMT" time="0.024" errors="0">
  <testcase name="testApp" time="0.024" classname="maven.maven.AppTest"/>
</testsuite> <!-- maven.maven.AppTest -->
